Traceback (most recent call last):
  File "/home/runner/.local/lib/python3.10/site-packages/jupyter_core/utils/__init__.py", line 154, in wrapped
    asyncio.get_running_loop()
RuntimeError: no running event loop

During handling of the above exception, another exception occurred:

Traceback (most recent call last):
  File "/home/runner/.local/lib/python3.10/site-packages/jupyter_cache/executors/utils.py", line 58, in single_nb_execution
    executenb(
  File "/home/runner/.local/lib/python3.10/site-packages/nbclient/client.py", line 1319, in execute
    return NotebookClient(nb=nb, resources=resources, km=km, **kwargs).execute()
  File "/home/runner/.local/lib/python3.10/site-packages/jupyter_core/utils/__init__.py", line 158, in wrapped
    return loop.run_until_complete(inner)
  File "/usr/lib/python3.10/asyncio/base_events.py", line 649, in run_until_complete
    return future.result()
  File "/home/runner/.local/lib/python3.10/site-packages/nbclient/client.py", line 709, in async_execute
    await self.async_execute_cell(
  File "/home/runner/.local/lib/python3.10/site-packages/nbclient/client.py", line 1062, in async_execute_cell
    await self._check_raise_for_error(cell, cell_index, exec_reply)
  File "/home/runner/.local/lib/python3.10/site-packages/nbclient/client.py", line 918, in _check_raise_for_error
    raise CellExecutionError.from_cell_and_msg(cell, exec_reply_content)
nbclient.exceptions.CellExecutionError: An error occurred while executing the following cell:
------------------
from ipyniivue import NiiVue
nv = NiiVue()
nv.load_volumes( [{"path": "./fsl_course_data/intro/structural.nii.gz", "colormap": "gray"},
                {"path": "./output/structural_brain.nii.gz", "colormap": "red" },
                 {"path": "./output/structural_brain_skull.nii.gz", "colormap": "blue" }])
nv
------------------


[0;31m---------------------------------------------------------------------------[0m
[0;31mFileNotFoundError[0m                         Traceback (most recent call last)
Cell [0;32mIn[7], line 3[0m
[1;32m      1[0m [38;5;28;01mfrom[39;00m[38;5;250m [39m[38;5;21;01mipyniivue[39;00m[38;5;250m [39m[38;5;28;01mimport[39;00m NiiVue
[1;32m      2[0m nv [38;5;241m=[39m NiiVue()
[0;32m----> 3[0m [43mnv[49m[38;5;241;43m.[39;49m[43mload_volumes[49m[43m([49m[43m [49m[43m[[49m[43m{[49m[38;5;124;43m"[39;49m[38;5;124;43mpath[39;49m[38;5;124;43m"[39;49m[43m:[49m[43m [49m[38;5;124;43m"[39;49m[38;5;124;43m./fsl_course_data/intro/structural.nii.gz[39;49m[38;5;124;43m"[39;49m[43m,[49m[43m [49m[38;5;124;43m"[39;49m[38;5;124;43mcolormap[39;49m[38;5;124;43m"[39;49m[43m:[49m[43m [49m[38;5;124;43m"[39;49m[38;5;124;43mgray[39;49m[38;5;124;43m"[39;49m[43m}[49m[43m,[49m
[1;32m      4[0m [43m                [49m[43m{[49m[38;5;124;43m"[39;49m[38;5;124;43mpath[39;49m[38;5;124;43m"[39;49m[43m:[49m[43m [49m[38;5;124;43m"[39;49m[38;5;124;43m./output/structural_brain.nii.gz[39;49m[38;5;124;43m"[39;49m[43m,[49m[43m [49m[38;5;124;43m"[39;49m[38;5;124;43mcolormap[39;49m[38;5;124;43m"[39;49m[43m:[49m[43m [49m[38;5;124;43m"[39;49m[38;5;124;43mred[39;49m[38;5;124;43m"[39;49m[43m [49m[43m}[49m[43m,[49m
[1;32m      5[0m [43m                 [49m[43m{[49m[38;5;124;43m"[39;49m[38;5;124;43mpath[39;49m[38;5;124;43m"[39;49m[43m:[49m[43m [49m[38;5;124;43m"[39;49m[38;5;124;43m./output/structural_brain_skull.nii.gz[39;49m[38;5;124;43m"[39;49m[43m,[49m[43m [49m[38;5;124;43m"[39;49m[38;5;124;43mcolormap[39;49m[38;5;124;43m"[39;49m[43m:[49m[43m [49m[38;5;124;43m"[39;49m[38;5;124;43mblue[39;49m[38;5;124;43m"[39;49m[43m [49m[43m}[49m[43m][49m[43m)[49m
[1;32m      6[0m nv

File [0;32m~/.local/lib/python3.10/site-packages/ipyniivue/widget.py:427[0m, in [0;36mNiiVue.load_volumes[0;34m(self, volumes)[0m
[1;32m    406[0m [38;5;28;01mdef[39;00m[38;5;250m [39m[38;5;21mload_volumes[39m([38;5;28mself[39m, volumes: [38;5;28mlist[39m):
[1;32m    407[0m [38;5;250m    [39m[38;5;124;03m"""[39;00m
[1;32m    408[0m [38;5;124;03m    Load a list of volume objects.[39;00m
[1;32m    409[0m 
[0;32m   (...)[0m
[1;32m    425[0m 
[1;32m    426[0m [38;5;124;03m    """[39;00m
[0;32m--> 427[0m     volumes [38;5;241m=[39m [Volume([38;5;241m*[39m[38;5;241m*[39mitem) [38;5;28;01mfor[39;00m item [38;5;129;01min[39;00m volumes]
[1;32m    428[0m     [38;5;28mself[39m[38;5;241m.[39m_volumes [38;5;241m=[39m volumes

File [0;32m~/.local/lib/python3.10/site-packages/ipyniivue/widget.py:427[0m, in [0;36m<listcomp>[0;34m(.0)[0m
[1;32m    406[0m [38;5;28;01mdef[39;00m[38;5;250m [39m[38;5;21mload_volumes[39m([38;5;28mself[39m, volumes: [38;5;28mlist[39m):
[1;32m    407[0m [38;5;250m    [39m[38;5;124;03m"""[39;00m
[1;32m    408[0m [38;5;124;03m    Load a list of volume objects.[39;00m
[1;32m    409[0m 
[0;32m   (...)[0m
[1;32m    425[0m 
[1;32m    426[0m [38;5;124;03m    """[39;00m
[0;32m--> 427[0m     volumes [38;5;241m=[39m [[43mVolume[49m[43m([49m[38;5;241;43m*[39;49m[38;5;241;43m*[39;49m[43mitem[49m[43m)[49m [38;5;28;01mfor[39;00m item [38;5;129;01min[39;00m volumes]
[1;32m    428[0m     [38;5;28mself[39m[38;5;241m.[39m_volumes [38;5;241m=[39m volumes

File [0;32m~/.local/lib/python3.10/site-packages/ipyniivue/widget.py:199[0m, in [0;36mVolume.__init__[0;34m(self, **kwargs)[0m
[1;32m    197[0m [38;5;28;01mif[39;00m [38;5;124m"[39m[38;5;124mcolormap_invert[39m[38;5;124m"[39m [38;5;129;01min[39;00m kwargs:
[1;32m    198[0m     kwargs[38;5;241m.[39mpop([38;5;124m"[39m[38;5;124mcolormap_invert[39m[38;5;124m"[39m)
[0;32m--> 199[0m [38;5;28;43msuper[39;49m[43m([49m[43m)[49m[38;5;241;43m.[39;49m[38;5;21;43m__init__[39;49m[43m([49m[38;5;241;43m*[39;49m[38;5;241;43m*[39;49m[43mkwargs[49m[43m)[49m

File [0;32m~/.local/lib/python3.10/site-packages/anywidget/widget.py:62[0m, in [0;36mAnyWidget.__init__[0;34m(self, *args, **kwargs)[0m
[1;32m     57[0m anywidget_traits[_ANYWIDGET_ID_KEY] [38;5;241m=[39m t[38;5;241m.[39mUnicode(
[1;32m     58[0m     [38;5;124mf[39m[38;5;124m"[39m[38;5;132;01m{[39;00m[38;5;28mself[39m[38;5;241m.[39m[38;5;18m__class__[39m[38;5;241m.[39m[38;5;18m__module__[39m[38;5;132;01m}[39;00m[38;5;124m.[39m[38;5;132;01m{[39;00m[38;5;28mself[39m[38;5;241m.[39m[38;5;18m__class__[39m[38;5;241m.[39m[38;5;18m__name__[39m[38;5;132;01m}[39;00m[38;5;124m"[39m,
[1;32m     59[0m )[38;5;241m.[39mtag(sync[38;5;241m=[39m[38;5;28;01mTrue[39;00m)
[1;32m     61[0m [38;5;28mself[39m[38;5;241m.[39madd_traits([38;5;241m*[39m[38;5;241m*[39manywidget_traits)
[0;32m---> 62[0m [38;5;28;43msuper[39;49m[43m([49m[43m)[49m[38;5;241;43m.[39;49m[38;5;21;43m__init__[39;49m[43m([49m[38;5;241;43m*[39;49m[43margs[49m[43m,[49m[43m [49m[38;5;241;43m*[39;49m[38;5;241;43m*[39;49m[43mkwargs[49m[43m)[49m
[1;32m     63[0m _register_anywidget_commands([38;5;28mself[39m)

File [0;32m~/.local/lib/python3.10/site-packages/ipywidgets/widgets/widget.py:506[0m, in [0;36mWidget.__init__[0;34m(self, **kwargs)[0m
[1;32m    503[0m [38;5;28msuper[39m()[38;5;241m.[39m[38;5;21m__init__[39m([38;5;241m*[39m[38;5;241m*[39mkwargs)
[1;32m    505[0m Widget[38;5;241m.[39m_call_widget_constructed([38;5;28mself[39m)
[0;32m--> 506[0m [38;5;28;43mself[39;49m[38;5;241;43m.[39;49m[43mopen[49m[43m([49m[43m)[49m

File [0;32m~/.local/lib/python3.10/site-packages/ipywidgets/widgets/widget.py:525[0m, in [0;36mWidget.open[0;34m(self)[0m
[1;32m    523[0m [38;5;250m[39m[38;5;124;03m"""Open a comm to the frontend if one isn't already open."""[39;00m
[1;32m    524[0m [38;5;28;01mif[39;00m [38;5;28mself[39m[38;5;241m.[39mcomm [38;5;129;01mis[39;00m [38;5;28;01mNone[39;00m:
[0;32m--> 525[0m     state, buffer_paths, buffers [38;5;241m=[39m _remove_buffers([38;5;28;43mself[39;49m[38;5;241;43m.[39;49m[43mget_state[49m[43m([49m[43m)[49m)
[1;32m    527[0m     args [38;5;241m=[39m [38;5;28mdict[39m(target_name[38;5;241m=[39m[38;5;124m'[39m[38;5;124mjupyter.widget[39m[38;5;124m'[39m,
[1;32m    528[0m                 data[38;5;241m=[39m{[38;5;124m'[39m[38;5;124mstate[39m[38;5;124m'[39m: state, [38;5;124m'[39m[38;5;124mbuffer_paths[39m[38;5;124m'[39m: buffer_paths},
[1;32m    529[0m                 buffers[38;5;241m=[39mbuffers,
[1;32m    530[0m                 metadata[38;5;241m=[39m{[38;5;124m'[39m[38;5;124mversion[39m[38;5;124m'[39m: __protocol_version__}
[1;32m    531[0m                 )
[1;32m    532[0m     [38;5;28;01mif[39;00m [38;5;28mself[39m[38;5;241m.[39m_model_id [38;5;129;01mis[39;00m [38;5;129;01mnot[39;00m [38;5;28;01mNone[39;00m:

File [0;32m~/.local/lib/python3.10/site-packages/ipywidgets/widgets/widget.py:615[0m, in [0;36mWidget.get_state[0;34m(self, key, drop_defaults)[0m
[1;32m    613[0m [38;5;28;01mfor[39;00m k [38;5;129;01min[39;00m keys:
[1;32m    614[0m     to_json [38;5;241m=[39m [38;5;28mself[39m[38;5;241m.[39mtrait_metadata(k, [38;5;124m'[39m[38;5;124mto_json[39m[38;5;124m'[39m, [38;5;28mself[39m[38;5;241m.[39m_trait_to_json)
[0;32m--> 615[0m     value [38;5;241m=[39m [43mto_json[49m[43m([49m[38;5;28;43mgetattr[39;49m[43m([49m[38;5;28;43mself[39;49m[43m,[49m[43m [49m[43mk[49m[43m)[49m[43m,[49m[43m [49m[38;5;28;43mself[39;49m[43m)[49m
[1;32m    616[0m     [38;5;28;01mif[39;00m [38;5;129;01mnot[39;00m drop_defaults [38;5;129;01mor[39;00m [38;5;129;01mnot[39;00m [38;5;28mself[39m[38;5;241m.[39m_compare(value, traits[k][38;5;241m.[39mdefault_value):
[1;32m    617[0m         state[k] [38;5;241m=[39m value

File [0;32m~/.local/lib/python3.10/site-packages/ipyniivue/utils.py:49[0m, in [0;36mfile_serializer[0;34m(instance, widget)[0m
[1;32m     47[0m     [38;5;66;03m# Make sure we have a pathlib.Path instance[39;00m
[1;32m     48[0m     instance [38;5;241m=[39m pathlib[38;5;241m.[39mPath(instance)
[0;32m---> 49[0m [38;5;28;01mreturn[39;00m {[38;5;124m"[39m[38;5;124mname[39m[38;5;124m"[39m: instance[38;5;241m.[39mname, [38;5;124m"[39m[38;5;124mdata[39m[38;5;124m"[39m: [43minstance[49m[38;5;241;43m.[39;49m[43mread_bytes[49m[43m([49m[43m)[49m}

File [0;32m/usr/lib/python3.10/pathlib.py:1126[0m, in [0;36mPath.read_bytes[0;34m(self)[0m
[1;32m   1122[0m [38;5;28;01mdef[39;00m[38;5;250m [39m[38;5;21mread_bytes[39m([38;5;28mself[39m):
[1;32m   1123[0m [38;5;250m    [39m[38;5;124;03m"""[39;00m
[1;32m   1124[0m [38;5;124;03m    Open the file in bytes mode, read it, and close the file.[39;00m
[1;32m   1125[0m [38;5;124;03m    """[39;00m
[0;32m-> 1126[0m     [38;5;28;01mwith[39;00m [38;5;28;43mself[39;49m[38;5;241;43m.[39;49m[43mopen[49m[43m([49m[43mmode[49m[38;5;241;43m=[39;49m[38;5;124;43m'[39;49m[38;5;124;43mrb[39;49m[38;5;124;43m'[39;49m[43m)[49m [38;5;28;01mas[39;00m f:
[1;32m   1127[0m         [38;5;28;01mreturn[39;00m f[38;5;241m.[39mread()

File [0;32m/usr/lib/python3.10/pathlib.py:1119[0m, in [0;36mPath.open[0;34m(self, mode, buffering, encoding, errors, newline)[0m
[1;32m   1117[0m [38;5;28;01mif[39;00m [38;5;124m"[39m[38;5;124mb[39m[38;5;124m"[39m [38;5;129;01mnot[39;00m [38;5;129;01min[39;00m mode:
[1;32m   1118[0m     encoding [38;5;241m=[39m io[38;5;241m.[39mtext_encoding(encoding)
[0;32m-> 1119[0m [38;5;28;01mreturn[39;00m [38;5;28;43mself[39;49m[38;5;241;43m.[39;49m[43m_accessor[49m[38;5;241;43m.[39;49m[43mopen[49m[43m([49m[38;5;28;43mself[39;49m[43m,[49m[43m [49m[43mmode[49m[43m,[49m[43m [49m[43mbuffering[49m[43m,[49m[43m [49m[43mencoding[49m[43m,[49m[43m [49m[43merrors[49m[43m,[49m
[1;32m   1120[0m [43m                           [49m[43mnewline[49m[43m)[49m

[0;31mFileNotFoundError[0m: [Errno 2] No such file or directory: 'output/structural_brain.nii.gz'

